<?xml version='1.0'?>
<ns2:test-suite xmlns:ns2='urn:model.allure.qatools.yandex.ru' start='1653216089585' stop='1653216099878'>
    <name>Herokuapp Advertisement App</name>
    <title>Herokuapp Advertisement App</title>
    <test-cases>
        <test-case start='1653216089586' status='pending' stop='1653216089587'>
            <name>1.Validate the title of the page</name>
            <title>1.Validate the title of the page</title>
            <labels/>
            <parameters/>
            <steps/>
            <attachments/>
            <failure>
                <message>Test ignored</message>
                <stack-trace>undefined</stack-trace>
            </failure>
        </test-case>
        <test-case start='1653216089587' status='pending' stop='1653216089587'>
            <name>2.Validate the fields present on the create advertisement page</name>
            <title>2.Validate the fields present on the create advertisement page</title>
            <labels/>
            <parameters/>
            <steps/>
            <attachments/>
            <failure>
                <message>Test ignored</message>
                <stack-trace>undefined</stack-trace>
            </failure>
        </test-case>
        <test-case start='1653216089587' status='broken' stop='1653216099861'>
            <name>3.Verify the mandatory fields present on the create advertisement page</name>
            <title>3.Verify the mandatory fields present on the create advertisement page</title>
            <labels>
                <label name='language' value='javascript'/>
                <label name='framework' value='wdio'/>
                <label name='thread' value='0-0'/>
            </labels>
            <parameters>
                <parameter kind='argument' name='browser' value='chrome-101.0.4951.54'/>
            </parameters>
            <steps>
                <step start='1653216089592' status='passed' stop='1653216094969'>
                    <name>POST /session/:sessionId/url</name>
                    <title>POST /session/:sessionId/url</title>
                    <attachments>
                        <attachment title='Request' source='c5037433-35c3-4f5e-9817-6e33bc508dce-attachment.json' type='application/json' size='71'/>
                    </attachments>
                    <steps/>
                </step>
                <step start='1653216094970' status='passed' stop='1653216095244'>
                    <name>POST /session/:sessionId/window/maximize</name>
                    <title>POST /session/:sessionId/window/maximize</title>
                    <attachments>
                        <attachment title='Response' source='628c701e-4bac-4eda-8803-e90fe3efadbe-attachment.json' type='application/json' size='58'/>
                    </attachments>
                    <steps/>
                </step>
                <step start='1653216095972' status='passed' stop='1653216096019'>
                    <name>POST /session/:sessionId/element</name>
                    <title>POST /session/:sessionId/element</title>
                    <attachments>
                        <attachment title='Request' source='b762878d-42de-4398-aaad-9f17a4896f28-attachment.json' type='application/json' size='93'/>
                        <attachment title='Response' source='9f0d904b-39b4-4a46-9481-95cf813b6af5-attachment.json' type='application/json' size='83'/>
                    </attachments>
                    <steps/>
                </step>
                <step start='1653216096033' status='passed' stop='1653216096247'>
                    <name>POST /session/:sessionId/element/814b6dcd-2e68-4c03-a932-bce700e14e18/click</name>
                    <title>POST /session/:sessionId/element/814b6dcd-2e68-4c03-a932-bce700e14e18/click</title>
                    <attachments/>
                    <steps/>
                </step>
                <step start='1653216097250' status='passed' stop='1653216097285'>
                    <name>POST /session/:sessionId/element</name>
                    <title>POST /session/:sessionId/element</title>
                    <attachments>
                        <attachment title='Request' source='1c9f07e0-16a4-4f78-9abf-a073b5835ea7-attachment.json' type='application/json' size='58'/>
                        <attachment title='Response' source='02304d61-372e-45a3-99cf-216fce06183c-attachment.json' type='application/json' size='83'/>
                    </attachments>
                    <steps/>
                </step>
                <step start='1653216097293' status='passed' stop='1653216097374'>
                    <name>POST /session/:sessionId/element/7a4d6438-82a8-46c9-9493-3128f925dd99/click</name>
                    <title>POST /session/:sessionId/element/7a4d6438-82a8-46c9-9493-3128f925dd99/click</title>
                    <attachments/>
                    <steps/>
                </step>
                <step start='1653216097374' status='passed' stop='1653216097417'>
                    <name>POST /session/:sessionId/element</name>
                    <title>POST /session/:sessionId/element</title>
                    <attachments>
                        <attachment title='Request' source='23c1ea74-3ae9-443d-b0d2-24b947af4b5f-attachment.json' type='application/json' size='60'/>
                        <attachment title='Response' source='e0445bf1-f69e-4abd-82a6-746fe06d1755-attachment.json' type='application/json' size='83'/>
                    </attachments>
                    <steps/>
                </step>
                <step start='1653216097422' status='passed' stop='1653216097508'>
                    <name>POST /session/:sessionId/element/84658eb5-2085-4aef-8ab5-0dc8b955e8d9/click</name>
                    <title>POST /session/:sessionId/element/84658eb5-2085-4aef-8ab5-0dc8b955e8d9/click</title>
                    <attachments/>
                    <steps/>
                </step>
                <step start='1653216099509' status='passed' stop='1653216099560'>
                    <name>POST /session/:sessionId/element</name>
                    <title>POST /session/:sessionId/element</title>
                    <attachments>
                        <attachment title='Request' source='6dfa5b16-3b90-48b9-a993-804546eee810-attachment.json' type='application/json' size='131'/>
                        <attachment title='Response' source='32ece0ab-5d45-4b80-b216-aaf341fc2b82-attachment.json' type='application/json' size='83'/>
                    </attachments>
                    <steps/>
                </step>
                <step start='1653216099567' status='passed' stop='1653216099621'>
                    <name>POST /session/:sessionId/execute/sync</name>
                    <title>POST /session/:sessionId/execute/sync</title>
                    <attachments>
                        <attachment title='Request' source='abd5aba8-13d0-4374-b800-e6e509183747-attachment.json' type='application/json' size='8337'/>
                        <attachment title='Response' source='42fb9a17-58e5-4e06-aa23-72fb96bc4bb0-attachment.json' type='application/json' size='4'/>
                    </attachments>
                    <steps/>
                </step>
                <step start='1653216099624' status='passed' stop='1653216099665'>
                    <name>POST /session/:sessionId/element</name>
                    <title>POST /session/:sessionId/element</title>
                    <attachments>
                        <attachment title='Request' source='01a49573-5fe8-4fee-9338-3015bcecc88a-attachment.json' type='application/json' size='131'/>
                        <attachment title='Response' source='1bf7e7b8-9e3d-4306-9f71-9abcfc298c7a-attachment.json' type='application/json' size='83'/>
                    </attachments>
                    <steps/>
                </step>
                <step start='1653216099672' status='passed' stop='1653216099706'>
                    <name>POST /session/:sessionId/execute/sync</name>
                    <title>POST /session/:sessionId/execute/sync</title>
                    <attachments>
                        <attachment title='Request' source='e7d8b7bc-f53e-4cd0-8ba9-798622e6eeae-attachment.json' type='application/json' size='8337'/>
                        <attachment title='Response' source='d0f58c8e-e24b-448f-8be1-fba89dae9090-attachment.json' type='application/json' size='4'/>
                    </attachments>
                    <steps/>
                </step>
                <step start='1653216099707' status='passed' stop='1653216099753'>
                    <name>POST /session/:sessionId/element</name>
                    <title>POST /session/:sessionId/element</title>
                    <attachments>
                        <attachment title='Request' source='072a390f-67c7-4ec3-a175-74795ea3efe0-attachment.json' type='application/json' size='59'/>
                        <attachment title='Response' source='f4a829a2-e32f-4bbc-b016-686e2a4092e0-attachment.json' type='application/json' size='83'/>
                    </attachments>
                    <steps/>
                </step>
                <step start='1653216099766' status='broken' stop='1653216099860'>
                    <name>POST /session/:sessionId/element</name>
                    <title>POST /session/:sessionId/element</title>
                    <attachments>
                        <attachment title='Request' source='f23c6821-95b9-45a5-97dc-0e94c9aee589-attachment.json' type='application/json' size='59'/>
                    </attachments>
                    <steps>
                        <step start='1653216099782' status='passed' stop='1653216099829'>
                            <name>POST /session/:sessionId/element/c5db0d37-0081-445b-8344-afd42e09e552/click</name>
                            <title>POST /session/:sessionId/element/c5db0d37-0081-445b-8344-afd42e09e552/click</title>
                            <attachments>
                                <attachment title='Response' source='5e15a17c-64da-4eaf-a2bc-3a266b4b5b1e-attachment.json' type='application/json' size='83'/>
                            </attachments>
                            <steps/>
                        </step>
                        <step start='1653216099851' status='broken' stop='1653216099860'>
                            <name>GET /session/:sessionId/screenshot</name>
                            <title>GET /session/:sessionId/screenshot</title>
                            <attachments/>
                            <steps/>
                        </step>
                    </steps>
                </step>
                <step start='1653216099862' status='undefined'>
                    <name>POST /session/:sessionId/element/61300926-4f51-43b8-a7c7-40215a584d97/click</name>
                    <title>POST /session/:sessionId/element/61300926-4f51-43b8-a7c7-40215a584d97/click</title>
                    <attachments/>
                    <steps/>
                </step>
            </steps>
            <attachments/>
            <failure>
                <message>Cannot read properties of undefined (reading 'Browser')</message>
                <stack-trace>TypeError: Cannot read properties of undefined (reading 'Browser')
                    at MyUtil.waitForPageToLoad (E:\webdriverio\test\util\myUtil.js:6:23)
                    at CreateAdvertisementPage.validateMandatoryFieldsOnThePage (E:\webdriverio\test\pageobjects\createAdvertisementPage.js:80:22)
                    at processTicksAndRejections (node:internal/process/task_queues:96:5)
                    at async Context.&lt;anonymous> (E:\webdriverio\test\specs\advertisementTest.js:30:9)</stack-trace>
            </failure>
        </test-case>
        <test-case start='1653216099874' status='pending' stop='1653216099874'>
            <name>4.Create new advertisements succesfully using Json file</name>
            <title>4.Create new advertisements succesfully using Json file</title>
            <labels/>
            <parameters/>
            <steps/>
            <attachments/>
            <failure>
                <message>Test ignored</message>
                <stack-trace>undefined</stack-trace>
            </failure>
        </test-case>
        <test-case start='1653216099874' status='pending' stop='1653216099874'>
            <name>5.Verify the advertisement are displayed successfully after creation</name>
            <title>5.Verify the advertisement are displayed successfully after creation</title>
            <labels/>
            <parameters/>
            <steps/>
            <attachments/>
            <failure>
                <message>Test ignored</message>
                <stack-trace>undefined</stack-trace>
            </failure>
        </test-case>
        <test-case start='1653216099875' status='pending' stop='1653216099875'>
            <name>6.Edit the existing advertisement</name>
            <title>6.Edit the existing advertisement</title>
            <labels/>
            <parameters/>
            <steps/>
            <attachments/>
            <failure>
                <message>Test ignored</message>
                <stack-trace>undefined</stack-trace>
            </failure>
        </test-case>
        <test-case start='1653216099875' status='pending' stop='1653216099875'>
            <name>7.Verify if the list of advertisements are getting sorted successfully</name>
            <title>7.Verify if the list of advertisements are getting sorted successfully</title>
            <labels/>
            <parameters/>
            <steps/>
            <attachments/>
            <failure>
                <message>Test ignored</message>
                <stack-trace>undefined</stack-trace>
            </failure>
        </test-case>
        <test-case start='1653216099875' status='pending' stop='1653216099875'>
            <name>8.Verify the format of price</name>
            <title>8.Verify the format of price</title>
            <labels/>
            <parameters/>
            <steps/>
            <attachments/>
            <failure>
                <message>Test ignored</message>
                <stack-trace>undefined</stack-trace>
            </failure>
        </test-case>
        <test-case start='1653216099875' status='pending' stop='1653216099876'>
            <name>9.Verify on what condition, the save button is getting enabled??</name>
            <title>9.Verify on what condition, the save button is getting enabled??</title>
            <labels/>
            <parameters/>
            <steps/>
            <attachments/>
            <failure>
                <message>Test ignored</message>
                <stack-trace>undefined</stack-trace>
            </failure>
        </test-case>
    </test-cases>
</ns2:test-suite>