<?xml version='1.0'?>
<ns2:test-suite xmlns:ns2='urn:model.allure.qatools.yandex.ru' start='1653226058676' stop='1653226068120'>
    <name>Herokuapp Advertisement App</name>
    <title>Herokuapp Advertisement App</title>
    <test-cases>
        <test-case start='1653226058678' status='pending' stop='1653226058678'>
            <name>1.Validate the title of the page</name>
            <title>1.Validate the title of the page</title>
            <labels/>
            <parameters/>
            <steps/>
            <attachments/>
            <failure>
                <message>Test ignored</message>
                <stack-trace>undefined</stack-trace>
            </failure>
        </test-case>
        <test-case start='1653226058679' status='pending' stop='1653226058679'>
            <name>2.Validate the fields present on the create advertisement page</name>
            <title>2.Validate the fields present on the create advertisement page</title>
            <labels/>
            <parameters/>
            <steps/>
            <attachments/>
            <failure>
                <message>Test ignored</message>
                <stack-trace>undefined</stack-trace>
            </failure>
        </test-case>
        <test-case start='1653226058679' status='pending' stop='1653226058679'>
            <name>3.Verify the mandatory fields present on the create advertisement page</name>
            <title>3.Verify the mandatory fields present on the create advertisement page</title>
            <labels/>
            <parameters/>
            <steps/>
            <attachments/>
            <failure>
                <message>Test ignored</message>
                <stack-trace>undefined</stack-trace>
            </failure>
        </test-case>
        <test-case start='1653226058680' status='pending' stop='1653226058681'>
            <name>4.Create new advertisements succesfully using Json file</name>
            <title>4.Create new advertisements succesfully using Json file</title>
            <labels/>
            <parameters/>
            <steps/>
            <attachments/>
            <failure>
                <message>Test ignored</message>
                <stack-trace>undefined</stack-trace>
            </failure>
        </test-case>
        <test-case start='1653226058682' status='pending' stop='1653226058682'>
            <name>5.Verify the advertisement are displayed successfully after creation</name>
            <title>5.Verify the advertisement are displayed successfully after creation</title>
            <labels/>
            <parameters/>
            <steps/>
            <attachments/>
            <failure>
                <message>Test ignored</message>
                <stack-trace>undefined</stack-trace>
            </failure>
        </test-case>
        <test-case start='1653226058684' status='broken' stop='1653226068110'>
            <name>6.Edit the existing advertisement</name>
            <title>6.Edit the existing advertisement</title>
            <labels>
                <label name='language' value='javascript'/>
                <label name='framework' value='wdio'/>
                <label name='thread' value='0-0'/>
            </labels>
            <parameters>
                <parameter kind='argument' name='browser' value='chrome-101.0.4951.54'/>
            </parameters>
            <steps>
                <step start='1653226058690' status='passed' stop='1653226067004'>
                    <name>POST /session/:sessionId/url</name>
                    <title>POST /session/:sessionId/url</title>
                    <attachments>
                        <attachment title='Request' source='3263ed3f-3ae3-4ad8-a3bd-0056985a9c04-attachment.json' type='application/json' size='71'/>
                    </attachments>
                    <steps/>
                </step>
                <step start='1653226067005' status='passed' stop='1653226067166'>
                    <name>POST /session/:sessionId/window/maximize</name>
                    <title>POST /session/:sessionId/window/maximize</title>
                    <attachments>
                        <attachment title='Response' source='cb8b29cd-0a10-4d0c-8969-2fc29516831e-attachment.json' type='application/json' size='58'/>
                    </attachments>
                    <steps/>
                </step>
                <step start='1653226068018' status='passed' stop='1653226068088'>
                    <name>POST /session/:sessionId/elements</name>
                    <title>POST /session/:sessionId/elements</title>
                    <attachments>
                        <attachment title='Request' source='31f86db3-3df0-44f3-805a-c0d2a310041b-attachment.json' type='application/json' size='47'/>
                        <attachment title='Response' source='6bdd2ee3-b53a-4c1a-8938-887879cecd9b-attachment.json' type='application/json' size='184'/>
                    </attachments>
                    <steps/>
                </step>
                <step start='1653226068105' status='broken' stop='1653226068110'>
                    <name>GET /session/:sessionId/screenshot</name>
                    <title>GET /session/:sessionId/screenshot</title>
                    <attachments/>
                    <steps/>
                </step>
                <step start='1653226068111' status='undefined'>
                    <name>GET /session/:sessionId/element/76e2f61e-56e7-4e8b-9a3e-bba3ffc0d2f2/text</name>
                    <title>GET /session/:sessionId/element/76e2f61e-56e7-4e8b-9a3e-bba3ffc0d2f2/text</title>
                    <attachments/>
                    <steps/>
                </step>
            </steps>
            <attachments/>
            <failure>
                <message>Cannot read properties of undefined (reading 'waitForExist')</message>
                <stack-trace>TypeError: Cannot read properties of undefined (reading 'waitForExist')
                    at EditAdvertisementPage.editAdvertisement (E:\webdriverio\test\pageobjects\editAdvertisementPage.js:44:37)
                    at processTicksAndRejections (node:internal/process/task_queues:96:5)
                    at async Context.&lt;anonymous> (E:\webdriverio\test\specs\advertisementTest.js:53:5)</stack-trace>
            </failure>
        </test-case>
        <test-case start='1653226068117' status='pending' stop='1653226068117'>
            <name>7.Verify if the list of advertisements are getting sorted successfully</name>
            <title>7.Verify if the list of advertisements are getting sorted successfully</title>
            <labels/>
            <parameters/>
            <steps/>
            <attachments/>
            <failure>
                <message>Test ignored</message>
                <stack-trace>undefined</stack-trace>
            </failure>
        </test-case>
        <test-case start='1653226068117' status='pending' stop='1653226068117'>
            <name>8.Verify the format of price</name>
            <title>8.Verify the format of price</title>
            <labels/>
            <parameters/>
            <steps/>
            <attachments/>
            <failure>
                <message>Test ignored</message>
                <stack-trace>undefined</stack-trace>
            </failure>
        </test-case>
        <test-case start='1653226068118' status='pending' stop='1653226068118'>
            <name>9.Verify on what condition, the save button is getting enabled??</name>
            <title>9.Verify on what condition, the save button is getting enabled??</title>
            <labels/>
            <parameters/>
            <steps/>
            <attachments/>
            <failure>
                <message>Test ignored</message>
                <stack-trace>undefined</stack-trace>
            </failure>
        </test-case>
    </test-cases>
</ns2:test-suite>