<?xml version='1.0'?>
<ns2:test-suite xmlns:ns2='urn:model.allure.qatools.yandex.ru' start='1653226105057' stop='1653226112563'>
    <name>Herokuapp Advertisement App</name>
    <title>Herokuapp Advertisement App</title>
    <test-cases>
        <test-case start='1653226105058' status='pending' stop='1653226105058'>
            <name>1.Validate the title of the page</name>
            <title>1.Validate the title of the page</title>
            <labels/>
            <parameters/>
            <steps/>
            <attachments/>
            <failure>
                <message>Test ignored</message>
                <stack-trace>undefined</stack-trace>
            </failure>
        </test-case>
        <test-case start='1653226105059' status='pending' stop='1653226105059'>
            <name>2.Validate the fields present on the create advertisement page</name>
            <title>2.Validate the fields present on the create advertisement page</title>
            <labels/>
            <parameters/>
            <steps/>
            <attachments/>
            <failure>
                <message>Test ignored</message>
                <stack-trace>undefined</stack-trace>
            </failure>
        </test-case>
        <test-case start='1653226105059' status='pending' stop='1653226105059'>
            <name>3.Verify the mandatory fields present on the create advertisement page</name>
            <title>3.Verify the mandatory fields present on the create advertisement page</title>
            <labels/>
            <parameters/>
            <steps/>
            <attachments/>
            <failure>
                <message>Test ignored</message>
                <stack-trace>undefined</stack-trace>
            </failure>
        </test-case>
        <test-case start='1653226105060' status='pending' stop='1653226105060'>
            <name>4.Create new advertisements succesfully using Json file</name>
            <title>4.Create new advertisements succesfully using Json file</title>
            <labels/>
            <parameters/>
            <steps/>
            <attachments/>
            <failure>
                <message>Test ignored</message>
                <stack-trace>undefined</stack-trace>
            </failure>
        </test-case>
        <test-case start='1653226105060' status='pending' stop='1653226105060'>
            <name>5.Verify the advertisement are displayed successfully after creation</name>
            <title>5.Verify the advertisement are displayed successfully after creation</title>
            <labels/>
            <parameters/>
            <steps/>
            <attachments/>
            <failure>
                <message>Test ignored</message>
                <stack-trace>undefined</stack-trace>
            </failure>
        </test-case>
        <test-case start='1653226105060' status='broken' stop='1653226112549'>
            <name>6.Edit the existing advertisement</name>
            <title>6.Edit the existing advertisement</title>
            <labels>
                <label name='language' value='javascript'/>
                <label name='framework' value='wdio'/>
                <label name='thread' value='0-0'/>
            </labels>
            <parameters>
                <parameter kind='argument' name='browser' value='chrome-101.0.4951.54'/>
            </parameters>
            <steps>
                <step start='1653226105066' status='passed' stop='1653226111483'>
                    <name>POST /session/:sessionId/url</name>
                    <title>POST /session/:sessionId/url</title>
                    <attachments>
                        <attachment title='Request' source='d67aa1a3-1ff6-4937-b430-78d3b8ca8dfb-attachment.json' type='application/json' size='71'/>
                    </attachments>
                    <steps/>
                </step>
                <step start='1653226111483' status='passed' stop='1653226111740'>
                    <name>POST /session/:sessionId/window/maximize</name>
                    <title>POST /session/:sessionId/window/maximize</title>
                    <attachments>
                        <attachment title='Response' source='496780eb-4104-4bb0-af1b-f2c6470bc335-attachment.json' type='application/json' size='58'/>
                    </attachments>
                    <steps/>
                </step>
                <step start='1653226112487' status='passed' stop='1653226112526'>
                    <name>POST /session/:sessionId/elements</name>
                    <title>POST /session/:sessionId/elements</title>
                    <attachments>
                        <attachment title='Request' source='237ee7fa-f482-497c-82df-459a57319969-attachment.json' type='application/json' size='47'/>
                        <attachment title='Response' source='5d31203d-cdbf-44cd-b5ba-442cc4e936c3-attachment.json' type='application/json' size='184'/>
                    </attachments>
                    <steps/>
                </step>
                <step start='1653226112544' status='broken' stop='1653226112549'>
                    <name>GET /session/:sessionId/screenshot</name>
                    <title>GET /session/:sessionId/screenshot</title>
                    <attachments/>
                    <steps/>
                </step>
                <step start='1653226112550' status='undefined'>
                    <name>GET /session/:sessionId/element/ad3c3424-78e4-4955-b0fb-02faa5b386bb/text</name>
                    <title>GET /session/:sessionId/element/ad3c3424-78e4-4955-b0fb-02faa5b386bb/text</title>
                    <attachments/>
                    <steps/>
                </step>
            </steps>
            <attachments/>
            <failure>
                <message>Cannot read properties of undefined (reading 'doubleClick')</message>
                <stack-trace>TypeError: Cannot read properties of undefined (reading 'doubleClick')
                    at EditAdvertisementPage.editAdvertisement (E:\webdriverio\test\pageobjects\editAdvertisementPage.js:44:35)
                    at processTicksAndRejections (node:internal/process/task_queues:96:5)
                    at async Context.&lt;anonymous> (E:\webdriverio\test\specs\advertisementTest.js:53:5)</stack-trace>
            </failure>
        </test-case>
        <test-case start='1653226112560' status='pending' stop='1653226112560'>
            <name>7.Verify if the list of advertisements are getting sorted successfully</name>
            <title>7.Verify if the list of advertisements are getting sorted successfully</title>
            <labels/>
            <parameters/>
            <steps/>
            <attachments/>
            <failure>
                <message>Test ignored</message>
                <stack-trace>undefined</stack-trace>
            </failure>
        </test-case>
        <test-case start='1653226112560' status='pending' stop='1653226112560'>
            <name>8.Verify the format of price</name>
            <title>8.Verify the format of price</title>
            <labels/>
            <parameters/>
            <steps/>
            <attachments/>
            <failure>
                <message>Test ignored</message>
                <stack-trace>undefined</stack-trace>
            </failure>
        </test-case>
        <test-case start='1653226112561' status='pending' stop='1653226112561'>
            <name>9.Verify on what condition, the save button is getting enabled??</name>
            <title>9.Verify on what condition, the save button is getting enabled??</title>
            <labels/>
            <parameters/>
            <steps/>
            <attachments/>
            <failure>
                <message>Test ignored</message>
                <stack-trace>undefined</stack-trace>
            </failure>
        </test-case>
    </test-cases>
</ns2:test-suite>