<?xml version='1.0'?>
<ns2:test-suite xmlns:ns2='urn:model.allure.qatools.yandex.ru' start='1653226448245' stop='1653226456314'>
    <name>Herokuapp Advertisement App</name>
    <title>Herokuapp Advertisement App</title>
    <test-cases>
        <test-case start='1653226448247' status='pending' stop='1653226448247'>
            <name>1.Validate the title of the page</name>
            <title>1.Validate the title of the page</title>
            <labels/>
            <parameters/>
            <steps/>
            <attachments/>
            <failure>
                <message>Test ignored</message>
                <stack-trace>undefined</stack-trace>
            </failure>
        </test-case>
        <test-case start='1653226448248' status='pending' stop='1653226448248'>
            <name>2.Validate the fields present on the create advertisement page</name>
            <title>2.Validate the fields present on the create advertisement page</title>
            <labels/>
            <parameters/>
            <steps/>
            <attachments/>
            <failure>
                <message>Test ignored</message>
                <stack-trace>undefined</stack-trace>
            </failure>
        </test-case>
        <test-case start='1653226448249' status='pending' stop='1653226448249'>
            <name>3.Verify the mandatory fields present on the create advertisement page</name>
            <title>3.Verify the mandatory fields present on the create advertisement page</title>
            <labels/>
            <parameters/>
            <steps/>
            <attachments/>
            <failure>
                <message>Test ignored</message>
                <stack-trace>undefined</stack-trace>
            </failure>
        </test-case>
        <test-case start='1653226448250' status='pending' stop='1653226448250'>
            <name>4.Create new advertisements succesfully using Json file</name>
            <title>4.Create new advertisements succesfully using Json file</title>
            <labels/>
            <parameters/>
            <steps/>
            <attachments/>
            <failure>
                <message>Test ignored</message>
                <stack-trace>undefined</stack-trace>
            </failure>
        </test-case>
        <test-case start='1653226448250' status='pending' stop='1653226448250'>
            <name>5.Verify the advertisement are displayed successfully after creation</name>
            <title>5.Verify the advertisement are displayed successfully after creation</title>
            <labels/>
            <parameters/>
            <steps/>
            <attachments/>
            <failure>
                <message>Test ignored</message>
                <stack-trace>undefined</stack-trace>
            </failure>
        </test-case>
        <test-case start='1653226448251' status='broken' stop='1653226456311'>
            <name>6.Edit the existing advertisement</name>
            <title>6.Edit the existing advertisement</title>
            <labels>
                <label name='language' value='javascript'/>
                <label name='framework' value='wdio'/>
                <label name='thread' value='0-0'/>
            </labels>
            <parameters>
                <parameter kind='argument' name='browser' value='chrome-101.0.4951.54'/>
            </parameters>
            <steps>
                <step start='1653226448259' status='passed' stop='1653226454136'>
                    <name>POST /session/:sessionId/url</name>
                    <title>POST /session/:sessionId/url</title>
                    <attachments>
                        <attachment title='Request' source='1bfa0a23-f7f7-4f50-a349-0e530656fc5b-attachment.json' type='application/json' size='71'/>
                    </attachments>
                    <steps/>
                </step>
                <step start='1653226454137' status='passed' stop='1653226454372'>
                    <name>POST /session/:sessionId/window/maximize</name>
                    <title>POST /session/:sessionId/window/maximize</title>
                    <attachments>
                        <attachment title='Response' source='7170fb4b-2aab-4638-a79d-1ae4db452cef-attachment.json' type='application/json' size='58'/>
                    </attachments>
                    <steps/>
                </step>
                <step start='1653226455143' status='passed' stop='1653226455222'>
                    <name>POST /session/:sessionId/elements</name>
                    <title>POST /session/:sessionId/elements</title>
                    <attachments>
                        <attachment title='Request' source='9210b6f6-eece-4728-b756-91e8b8749a30-attachment.json' type='application/json' size='47'/>
                        <attachment title='Response' source='98198878-26ac-4e76-9254-819d56ddc31c-attachment.json' type='application/json' size='184'/>
                    </attachments>
                    <steps/>
                </step>
                <step start='1653226455243' status='passed' stop='1653226455301'>
                    <name>GET /session/:sessionId/element/ff75c2be-3237-4c12-8c9e-14cafbb1c4c1/text</name>
                    <title>GET /session/:sessionId/element/ff75c2be-3237-4c12-8c9e-14cafbb1c4c1/text</title>
                    <attachments>
                        <attachment title='Response' source='93b3264e-6923-4548-afd3-bd2eac6ce55f-attachment.json' type='application/json' size='13'/>
                    </attachments>
                    <steps/>
                </step>
                <step start='1653226456305' status='broken' stop='1653226456310'>
                    <name>GET /session/:sessionId/screenshot</name>
                    <title>GET /session/:sessionId/screenshot</title>
                    <attachments/>
                    <steps/>
                </step>
            </steps>
            <attachments/>
            <failure>
                <message>Cannot read properties of undefined (reading 'doubleClick')</message>
                <stack-trace>TypeError: Cannot read properties of undefined (reading 'doubleClick')
                    at EditAdvertisementPage.editAdvertisement (E:\webdriverio\test\pageobjects\editAdvertisementPage.js:46:32)
                    at async Context.&lt;anonymous> (E:\webdriverio\test\specs\advertisementTest.js:53:5)</stack-trace>
            </failure>
        </test-case>
        <test-case start='1653226456312' status='pending' stop='1653226456312'>
            <name>7.Verify if the list of advertisements are getting sorted successfully</name>
            <title>7.Verify if the list of advertisements are getting sorted successfully</title>
            <labels/>
            <parameters/>
            <steps/>
            <attachments/>
            <failure>
                <message>Test ignored</message>
                <stack-trace>undefined</stack-trace>
            </failure>
        </test-case>
        <test-case start='1653226456312' status='pending' stop='1653226456312'>
            <name>8.Verify the format of price</name>
            <title>8.Verify the format of price</title>
            <labels/>
            <parameters/>
            <steps/>
            <attachments/>
            <failure>
                <message>Test ignored</message>
                <stack-trace>undefined</stack-trace>
            </failure>
        </test-case>
        <test-case start='1653226456312' status='pending' stop='1653226456313'>
            <name>9.Verify on what condition, the save button is getting enabled??</name>
            <title>9.Verify on what condition, the save button is getting enabled??</title>
            <labels/>
            <parameters/>
            <steps/>
            <attachments/>
            <failure>
                <message>Test ignored</message>
                <stack-trace>undefined</stack-trace>
            </failure>
        </test-case>
    </test-cases>
</ns2:test-suite>